2014-09-19 00:33:13 Notice: Notice (8): Undefined index: HTTP_IF_MODIFIED_SINCE in [/home/lefranj/www/ioix/app/Controller/RecipesController.php, line 17]
Trace:
RecipesController::index() - APP/Controller/RecipesController.php, line 17
ReflectionMethod::invokeArgs() - [internal], line ??
Controller::invokeAction() - CORE/Cake/Controller/Controller.php, line 490
Dispatcher::_invoke() - CORE/Cake/Routing/Dispatcher.php, line 191
Dispatcher::dispatch() - CORE/Cake/Routing/Dispatcher.php, line 165
[main] - APP/webroot/index.php, line 108

2014-09-19 00:33:31 Notice: Notice (8): Undefined index: HTTP_IF_MODIFIED_SINCE in [/home/lefranj/www/ioix/app/Controller/RecipesController.php, line 17]
Trace:
RecipesController::index() - APP/Controller/RecipesController.php, line 17
ReflectionMethod::invokeArgs() - [internal], line ??
Controller::invokeAction() - CORE/Cake/Controller/Controller.php, line 490
Dispatcher::_invoke() - CORE/Cake/Routing/Dispatcher.php, line 191
Dispatcher::dispatch() - CORE/Cake/Routing/Dispatcher.php, line 165
[main] - APP/webroot/index.php, line 108

2014-09-19 00:33:33 Notice: Notice (8): Undefined index: HTTP_IF_MODIFIED_SINCE in [/home/lefranj/www/ioix/app/Controller/RecipesController.php, line 17]
Trace:
RecipesController::index() - APP/Controller/RecipesController.php, line 17
ReflectionMethod::invokeArgs() - [internal], line ??
Controller::invokeAction() - CORE/Cake/Controller/Controller.php, line 490
Dispatcher::_invoke() - CORE/Cake/Routing/Dispatcher.php, line 191
Dispatcher::dispatch() - CORE/Cake/Routing/Dispatcher.php, line 165
[main] - APP/webroot/index.php, line 108

2014-09-19 00:33:33 Notice: Notice (8): Undefined index: HTTP_IF_MODIFIED_SINCE in [/home/lefranj/www/ioix/app/Controller/RecipesController.php, line 17]
Trace:
RecipesController::index() - APP/Controller/RecipesController.php, line 17
ReflectionMethod::invokeArgs() - [internal], line ??
Controller::invokeAction() - CORE/Cake/Controller/Controller.php, line 490
Dispatcher::_invoke() - CORE/Cake/Routing/Dispatcher.php, line 191
Dispatcher::dispatch() - CORE/Cake/Routing/Dispatcher.php, line 165
[main] - APP/webroot/index.php, line 108

2014-09-19 00:33:34 Notice: Notice (8): Undefined index: HTTP_IF_MODIFIED_SINCE in [/home/lefranj/www/ioix/app/Controller/RecipesController.php, line 17]
Trace:
RecipesController::index() - APP/Controller/RecipesController.php, line 17
ReflectionMethod::invokeArgs() - [internal], line ??
Controller::invokeAction() - CORE/Cake/Controller/Controller.php, line 490
Dispatcher::_invoke() - CORE/Cake/Routing/Dispatcher.php, line 191
Dispatcher::dispatch() - CORE/Cake/Routing/Dispatcher.php, line 165
[main] - APP/webroot/index.php, line 108

2014-09-19 00:33:34 Notice: Notice (8): Undefined index: HTTP_IF_MODIFIED_SINCE in [/home/lefranj/www/ioix/app/Controller/RecipesController.php, line 17]
Trace:
RecipesController::index() - APP/Controller/RecipesController.php, line 17
ReflectionMethod::invokeArgs() - [internal], line ??
Controller::invokeAction() - CORE/Cake/Controller/Controller.php, line 490
Dispatcher::_invoke() - CORE/Cake/Routing/Dispatcher.php, line 191
Dispatcher::dispatch() - CORE/Cake/Routing/Dispatcher.php, line 165
[main] - APP/webroot/index.php, line 108

2014-09-19 00:33:34 Notice: Notice (8): Undefined index: HTTP_IF_MODIFIED_SINCE in [/home/lefranj/www/ioix/app/Controller/RecipesController.php, line 17]
Trace:
RecipesController::index() - APP/Controller/RecipesController.php, line 17
ReflectionMethod::invokeArgs() - [internal], line ??
Controller::invokeAction() - CORE/Cake/Controller/Controller.php, line 490
Dispatcher::_invoke() - CORE/Cake/Routing/Dispatcher.php, line 191
Dispatcher::dispatch() - CORE/Cake/Routing/Dispatcher.php, line 165
[main] - APP/webroot/index.php, line 108

2014-09-19 00:33:34 Notice: Notice (8): Undefined index: HTTP_IF_MODIFIED_SINCE in [/home/lefranj/www/ioix/app/Controller/RecipesController.php, line 17]
Trace:
RecipesController::index() - APP/Controller/RecipesController.php, line 17
ReflectionMethod::invokeArgs() - [internal], line ??
Controller::invokeAction() - CORE/Cake/Controller/Controller.php, line 490
Dispatcher::_invoke() - CORE/Cake/Routing/Dispatcher.php, line 191
Dispatcher::dispatch() - CORE/Cake/Routing/Dispatcher.php, line 165
[main] - APP/webroot/index.php, line 108

2014-09-19 00:33:34 Notice: Notice (8): Undefined index: HTTP_IF_MODIFIED_SINCE in [/home/lefranj/www/ioix/app/Controller/RecipesController.php, line 17]
Trace:
RecipesController::index() - APP/Controller/RecipesController.php, line 17
ReflectionMethod::invokeArgs() - [internal], line ??
Controller::invokeAction() - CORE/Cake/Controller/Controller.php, line 490
Dispatcher::_invoke() - CORE/Cake/Routing/Dispatcher.php, line 191
Dispatcher::dispatch() - CORE/Cake/Routing/Dispatcher.php, line 165
[main] - APP/webroot/index.php, line 108

2014-09-19 00:33:34 Notice: Notice (8): Undefined index: HTTP_IF_MODIFIED_SINCE in [/home/lefranj/www/ioix/app/Controller/RecipesController.php, line 17]
Trace:
RecipesController::index() - APP/Controller/RecipesController.php, line 17
ReflectionMethod::invokeArgs() - [internal], line ??
Controller::invokeAction() - CORE/Cake/Controller/Controller.php, line 490
Dispatcher::_invoke() - CORE/Cake/Routing/Dispatcher.php, line 191
Dispatcher::dispatch() - CORE/Cake/Routing/Dispatcher.php, line 165
[main] - APP/webroot/index.php, line 108

2014-09-19 00:33:34 Notice: Notice (8): Undefined index: HTTP_IF_MODIFIED_SINCE in [/home/lefranj/www/ioix/app/Controller/RecipesController.php, line 17]
Trace:
RecipesController::index() - APP/Controller/RecipesController.php, line 17
ReflectionMethod::invokeArgs() - [internal], line ??
Controller::invokeAction() - CORE/Cake/Controller/Controller.php, line 490
Dispatcher::_invoke() - CORE/Cake/Routing/Dispatcher.php, line 191
Dispatcher::dispatch() - CORE/Cake/Routing/Dispatcher.php, line 165
[main] - APP/webroot/index.php, line 108

2014-09-19 00:33:35 Notice: Notice (8): Undefined index: HTTP_IF_MODIFIED_SINCE in [/home/lefranj/www/ioix/app/Controller/RecipesController.php, line 17]
Trace:
RecipesController::index() - APP/Controller/RecipesController.php, line 17
ReflectionMethod::invokeArgs() - [internal], line ??
Controller::invokeAction() - CORE/Cake/Controller/Controller.php, line 490
Dispatcher::_invoke() - CORE/Cake/Routing/Dispatcher.php, line 191
Dispatcher::dispatch() - CORE/Cake/Routing/Dispatcher.php, line 165
[main] - APP/webroot/index.php, line 108

2014-09-19 00:33:37 Notice: Notice (8): Undefined index: HTTP_IF_MODIFIED_SINCE in [/home/lefranj/www/ioix/app/Controller/RecipesController.php, line 17]
Trace:
RecipesController::index() - APP/Controller/RecipesController.php, line 17
ReflectionMethod::invokeArgs() - [internal], line ??
Controller::invokeAction() - CORE/Cake/Controller/Controller.php, line 490
Dispatcher::_invoke() - CORE/Cake/Routing/Dispatcher.php, line 191
Dispatcher::dispatch() - CORE/Cake/Routing/Dispatcher.php, line 165
[main] - APP/webroot/index.php, line 108

2014-09-19 00:33:37 Notice: Notice (8): Undefined index: HTTP_IF_MODIFIED_SINCE in [/home/lefranj/www/ioix/app/Controller/RecipesController.php, line 17]
Trace:
RecipesController::index() - APP/Controller/RecipesController.php, line 17
ReflectionMethod::invokeArgs() - [internal], line ??
Controller::invokeAction() - CORE/Cake/Controller/Controller.php, line 490
Dispatcher::_invoke() - CORE/Cake/Routing/Dispatcher.php, line 191
Dispatcher::dispatch() - CORE/Cake/Routing/Dispatcher.php, line 165
[main] - APP/webroot/index.php, line 108

2014-09-19 00:33:38 Notice: Notice (8): Undefined index: HTTP_IF_MODIFIED_SINCE in [/home/lefranj/www/ioix/app/Controller/RecipesController.php, line 17]
Trace:
RecipesController::index() - APP/Controller/RecipesController.php, line 17
ReflectionMethod::invokeArgs() - [internal], line ??
Controller::invokeAction() - CORE/Cake/Controller/Controller.php, line 490
Dispatcher::_invoke() - CORE/Cake/Routing/Dispatcher.php, line 191
Dispatcher::dispatch() - CORE/Cake/Routing/Dispatcher.php, line 165
[main] - APP/webroot/index.php, line 108

2014-09-19 00:33:39 Notice: Notice (8): Undefined index: HTTP_IF_MODIFIED_SINCE in [/home/lefranj/www/ioix/app/Controller/RecipesController.php, line 17]
Trace:
RecipesController::index() - APP/Controller/RecipesController.php, line 17
ReflectionMethod::invokeArgs() - [internal], line ??
Controller::invokeAction() - CORE/Cake/Controller/Controller.php, line 490
Dispatcher::_invoke() - CORE/Cake/Routing/Dispatcher.php, line 191
Dispatcher::dispatch() - CORE/Cake/Routing/Dispatcher.php, line 165
[main] - APP/webroot/index.php, line 108

2014-09-19 00:33:39 Notice: Notice (8): Undefined index: HTTP_IF_MODIFIED_SINCE in [/home/lefranj/www/ioix/app/Controller/RecipesController.php, line 17]
Trace:
RecipesController::index() - APP/Controller/RecipesController.php, line 17
ReflectionMethod::invokeArgs() - [internal], line ??
Controller::invokeAction() - CORE/Cake/Controller/Controller.php, line 490
Dispatcher::_invoke() - CORE/Cake/Routing/Dispatcher.php, line 191
Dispatcher::dispatch() - CORE/Cake/Routing/Dispatcher.php, line 165
[main] - APP/webroot/index.php, line 108

2014-09-19 00:33:39 Notice: Notice (8): Undefined index: HTTP_IF_MODIFIED_SINCE in [/home/lefranj/www/ioix/app/Controller/RecipesController.php, line 17]
Trace:
RecipesController::index() - APP/Controller/RecipesController.php, line 17
ReflectionMethod::invokeArgs() - [internal], line ??
Controller::invokeAction() - CORE/Cake/Controller/Controller.php, line 490
Dispatcher::_invoke() - CORE/Cake/Routing/Dispatcher.php, line 191
Dispatcher::dispatch() - CORE/Cake/Routing/Dispatcher.php, line 165
[main] - APP/webroot/index.php, line 108

