2014-09-18 22:55:22 Warning: Warning (512): ./cache is not writeable. Make sure you've set the correct relative or absolute path, and that the location is server-writable. in [/home/lefranj/www/ioix/app/Vendor/simplepie/library/SimplePie.php, line 1369]
Trace:
SimplePie::init() - APP/Vendor/simplepie/library/SimplePie.php, line 1369
RssController::index() - APP/Controller/RssController.php, line 19
ReflectionMethod::invokeArgs() - [internal], line ??
Controller::invokeAction() - CORE/Cake/Controller/Controller.php, line 490
Dispatcher::_invoke() - CORE/Cake/Routing/Dispatcher.php, line 191
Dispatcher::dispatch() - CORE/Cake/Routing/Dispatcher.php, line 165
[main] - APP/webroot/index.php, line 108

2014-09-18 22:56:50 Warning: Warning (512): ./cache is not writeable. Make sure you've set the correct relative or absolute path, and that the location is server-writable. in [/home/lefranj/www/ioix/app/Vendor/simplepie/library/SimplePie.php, line 1369]
Trace:
SimplePie::init() - APP/Vendor/simplepie/library/SimplePie.php, line 1369
RssController::index() - APP/Controller/RssController.php, line 19
ReflectionMethod::invokeArgs() - [internal], line ??
Controller::invokeAction() - CORE/Cake/Controller/Controller.php, line 490
Dispatcher::_invoke() - CORE/Cake/Routing/Dispatcher.php, line 191
Dispatcher::dispatch() - CORE/Cake/Routing/Dispatcher.php, line 165
[main] - APP/webroot/index.php, line 108

2014-09-18 22:57:57 Warning: Warning (512): ./cache is not writeable. Make sure you've set the correct relative or absolute path, and that the location is server-writable. in [/home/lefranj/www/ioix/app/Vendor/simplepie/library/SimplePie.php, line 1369]
Trace:
SimplePie::init() - APP/Vendor/simplepie/library/SimplePie.php, line 1369
RssController::index() - APP/Controller/RssController.php, line 19
ReflectionMethod::invokeArgs() - [internal], line ??
Controller::invokeAction() - CORE/Cake/Controller/Controller.php, line 490
Dispatcher::_invoke() - CORE/Cake/Routing/Dispatcher.php, line 191
Dispatcher::dispatch() - CORE/Cake/Routing/Dispatcher.php, line 165
[main] - APP/webroot/index.php, line 108

2014-09-19 00:13:14 Warning: Warning (512): ./cache is not writeable. Make sure you've set the correct relative or absolute path, and that the location is server-writable. in [/home/lefranj/www/ioix/app/Vendor/simplepie/library/SimplePie.php, line 1369]
Trace:
SimplePie::init() - APP/Vendor/simplepie/library/SimplePie.php, line 1369
RssController::index() - APP/Controller/RssController.php, line 19
ReflectionMethod::invokeArgs() - [internal], line ??
Controller::invokeAction() - CORE/Cake/Controller/Controller.php, line 490
Dispatcher::_invoke() - CORE/Cake/Routing/Dispatcher.php, line 191
Dispatcher::dispatch() - CORE/Cake/Routing/Dispatcher.php, line 165
[main] - APP/webroot/index.php, line 108

2014-09-19 00:13:55 Warning: Warning (512): ./cache is not writeable. Make sure you've set the correct relative or absolute path, and that the location is server-writable. in [/home/lefranj/www/ioix/app/Vendor/simplepie/library/SimplePie.php, line 1369]
Trace:
SimplePie::init() - APP/Vendor/simplepie/library/SimplePie.php, line 1369
RssController::index() - APP/Controller/RssController.php, line 19
ReflectionMethod::invokeArgs() - [internal], line ??
Controller::invokeAction() - CORE/Cake/Controller/Controller.php, line 490
Dispatcher::_invoke() - CORE/Cake/Routing/Dispatcher.php, line 191
Dispatcher::dispatch() - CORE/Cake/Routing/Dispatcher.php, line 165
[main] - APP/webroot/index.php, line 108

2014-09-19 01:46:26 Error: Fatal Error (1): Call to a member function isJson() on a non-object in [/home/lefranj/www/ioix/app/Model/Recipe.php, line 19]
2014-09-19 01:46:26 Error: [InternalErrorException] Internal Server Error
Request URL: /
Stack Trace:
#0 /home/lefranj/www/ioix/lib/Cake/Error/ErrorHandler.php(203): ErrorHandler::handleFatalError(1, 'Call to a membe...', '/home/lefranj/w...', 19)
#1 [internal function]: ErrorHandler::handleError(1, 'Call to a membe...', '/home/lefranj/w...', 19, Array)
#2 /home/lefranj/www/ioix/lib/Cake/Core/App.php(931): call_user_func('ErrorHandler::h...', 1, 'Call to a membe...', '/home/lefranj/w...', 19, Array)
#3 /home/lefranj/www/ioix/lib/Cake/Core/App.php(904): App::_checkFatalError()
#4 [internal function]: App::shutdown()
#5 {main}
2014-09-19 01:46:49 Error: Fatal Error (1): Call to a member function isJson() on a non-object in [/home/lefranj/www/ioix/app/Model/Recipe.php, line 19]
2014-09-19 01:46:49 Error: [FatalErrorException] Call to a member function isJson() on a non-object
Request URL: /
Stack Trace:
#0 /home/lefranj/www/ioix/lib/Cake/Error/ErrorHandler.php(203): ErrorHandler::handleFatalError(1, 'Call to a membe...', '/home/lefranj/w...', 19)
#1 [internal function]: ErrorHandler::handleError(1, 'Call to a membe...', '/home/lefranj/w...', 19, Array)
#2 /home/lefranj/www/ioix/lib/Cake/Core/App.php(931): call_user_func('ErrorHandler::h...', 1, 'Call to a membe...', '/home/lefranj/w...', 19, Array)
#3 /home/lefranj/www/ioix/lib/Cake/Core/App.php(904): App::_checkFatalError()
#4 [internal function]: App::shutdown()
#5 {main}
2014-09-19 01:47:57 Error: Fatal Error (1): Call to a member function convert() on a non-object in [/home/lefranj/www/ioix/app/Controller/RecipesController.php, line 136]
2014-09-19 01:47:57 Error: [FatalErrorException] Call to a member function convert() on a non-object
Request URL: /recipes/image/16528816888170130500/120
Stack Trace:
#0 /home/lefranj/www/ioix/lib/Cake/Error/ErrorHandler.php(203): ErrorHandler::handleFatalError(1, 'Call to a membe...', '/home/lefranj/w...', 136)
#1 [internal function]: ErrorHandler::handleError(1, 'Call to a membe...', '/home/lefranj/w...', 136, Array)
#2 /home/lefranj/www/ioix/lib/Cake/Core/App.php(931): call_user_func('ErrorHandler::h...', 1, 'Call to a membe...', '/home/lefranj/w...', 136, Array)
#3 /home/lefranj/www/ioix/lib/Cake/Core/App.php(904): App::_checkFatalError()
#4 [internal function]: App::shutdown()
#5 {main}
2014-09-19 01:47:57 Error: Fatal Error (1): Call to a member function convert() on a non-object in [/home/lefranj/www/ioix/app/Controller/RecipesController.php, line 136]
2014-09-19 01:47:57 Error: [FatalErrorException] Call to a member function convert() on a non-object
Request URL: /recipes/image/16171887593044218159/120
Stack Trace:
#0 /home/lefranj/www/ioix/lib/Cake/Error/ErrorHandler.php(203): ErrorHandler::handleFatalError(1, 'Call to a membe...', '/home/lefranj/w...', 136)
#1 [internal function]: ErrorHandler::handleError(1, 'Call to a membe...', '/home/lefranj/w...', 136, Array)
#2 /home/lefranj/www/ioix/lib/Cake/Core/App.php(931): call_user_func('ErrorHandler::h...', 1, 'Call to a membe...', '/home/lefranj/w...', 136, Array)
#3 /home/lefranj/www/ioix/lib/Cake/Core/App.php(904): App::_checkFatalError()
#4 [internal function]: App::shutdown()
#5 {main}
2014-09-19 01:47:57 Error: Fatal Error (1): Call to a member function convert() on a non-object in [/home/lefranj/www/ioix/app/Controller/RecipesController.php, line 136]
2014-09-19 01:47:57 Error: [FatalErrorException] Call to a member function convert() on a non-object
Request URL: /recipes/image/15608598476832322446/120
Stack Trace:
#0 /home/lefranj/www/ioix/lib/Cake/Error/ErrorHandler.php(203): ErrorHandler::handleFatalError(1, 'Call to a membe...', '/home/lefranj/w...', 136)
#1 [internal function]: ErrorHandler::handleError(1, 'Call to a membe...', '/home/lefranj/w...', 136, Array)
#2 /home/lefranj/www/ioix/lib/Cake/Core/App.php(931): call_user_func('ErrorHandler::h...', 1, 'Call to a membe...', '/home/lefranj/w...', 136, Array)
#3 /home/lefranj/www/ioix/lib/Cake/Core/App.php(904): App::_checkFatalError()
#4 [internal function]: App::shutdown()
#5 {main}
2014-09-19 01:47:57 Error: Fatal Error (1): Call to a member function convert() on a non-object in [/home/lefranj/www/ioix/app/Controller/RecipesController.php, line 136]
2014-09-19 01:47:57 Error: [FatalErrorException] Call to a member function convert() on a non-object
Request URL: /recipes/image/16240407375814580220/120
Stack Trace:
#0 /home/lefranj/www/ioix/lib/Cake/Error/ErrorHandler.php(203): ErrorHandler::handleFatalError(1, 'Call to a membe...', '/home/lefranj/w...', 136)
#1 [internal function]: ErrorHandler::handleError(1, 'Call to a membe...', '/home/lefranj/w...', 136, Array)
#2 /home/lefranj/www/ioix/lib/Cake/Core/App.php(931): call_user_func('ErrorHandler::h...', 1, 'Call to a membe...', '/home/lefranj/w...', 136, Array)
#3 /home/lefranj/www/ioix/lib/Cake/Core/App.php(904): App::_checkFatalError()
#4 [internal function]: App::shutdown()
#5 {main}
2014-09-19 01:48:08 Error: Fatal Error (1): Call to a member function convert() on a non-object in [/home/lefranj/www/ioix/app/Controller/RecipesController.php, line 136]
2014-09-19 01:48:08 Error: Fatal Error (1): Call to a member function convert() on a non-object in [/home/lefranj/www/ioix/app/Controller/RecipesController.php, line 136]
2014-09-19 01:48:08 Error: [FatalErrorException] Call to a member function convert() on a non-object
Request URL: /recipes/image/16171887593044218159/120
Stack Trace:
#0 /home/lefranj/www/ioix/lib/Cake/Error/ErrorHandler.php(203): ErrorHandler::handleFatalError(1, 'Call to a membe...', '/home/lefranj/w...', 136)
#1 [internal function]: ErrorHandler::handleError(1, 'Call to a membe...', '/home/lefranj/w...', 136, Array)
#2 /home/lefranj/www/ioix/lib/Cake/Core/App.php(931): call_user_func('ErrorHandler::h...', 1, 'Call to a membe...', '/home/lefranj/w...', 136, Array)
#3 /home/lefranj/www/ioix/lib/Cake/Core/App.php(904): App::_checkFatalError()
#4 [internal function]: App::shutdown()
#5 {main}
2014-09-19 01:48:08 Error: [FatalErrorException] Call to a member function convert() on a non-object
Request URL: /recipes/image/15608598476832322446/120
Stack Trace:
#0 /home/lefranj/www/ioix/lib/Cake/Error/ErrorHandler.php(203): ErrorHandler::handleFatalError(1, 'Call to a membe...', '/home/lefranj/w...', 136)
#1 [internal function]: ErrorHandler::handleError(1, 'Call to a membe...', '/home/lefranj/w...', 136, Array)
#2 /home/lefranj/www/ioix/lib/Cake/Core/App.php(931): call_user_func('ErrorHandler::h...', 1, 'Call to a membe...', '/home/lefranj/w...', 136, Array)
#3 /home/lefranj/www/ioix/lib/Cake/Core/App.php(904): App::_checkFatalError()
#4 [internal function]: App::shutdown()
#5 {main}
2014-09-19 01:48:08 Error: Fatal Error (1): Call to a member function convert() on a non-object in [/home/lefranj/www/ioix/app/Controller/RecipesController.php, line 136]
2014-09-19 01:48:08 Error: [FatalErrorException] Call to a member function convert() on a non-object
Request URL: /recipes/image/16240407375814580220/120
Stack Trace:
#0 /home/lefranj/www/ioix/lib/Cake/Error/ErrorHandler.php(203): ErrorHandler::handleFatalError(1, 'Call to a membe...', '/home/lefranj/w...', 136)
#1 [internal function]: ErrorHandler::handleError(1, 'Call to a membe...', '/home/lefranj/w...', 136, Array)
#2 /home/lefranj/www/ioix/lib/Cake/Core/App.php(931): call_user_func('ErrorHandler::h...', 1, 'Call to a membe...', '/home/lefranj/w...', 136, Array)
#3 /home/lefranj/www/ioix/lib/Cake/Core/App.php(904): App::_checkFatalError()
#4 [internal function]: App::shutdown()
#5 {main}
2014-09-19 01:48:08 Error: Fatal Error (1): Call to a member function convert() on a non-object in [/home/lefranj/www/ioix/app/Controller/RecipesController.php, line 136]
2014-09-19 01:48:08 Error: [FatalErrorException] Call to a member function convert() on a non-object
Request URL: /recipes/image/16528816888170130500/120
Stack Trace:
#0 /home/lefranj/www/ioix/lib/Cake/Error/ErrorHandler.php(203): ErrorHandler::handleFatalError(1, 'Call to a membe...', '/home/lefranj/w...', 136)
#1 [internal function]: ErrorHandler::handleError(1, 'Call to a membe...', '/home/lefranj/w...', 136, Array)
#2 /home/lefranj/www/ioix/lib/Cake/Core/App.php(931): call_user_func('ErrorHandler::h...', 1, 'Call to a membe...', '/home/lefranj/w...', 136, Array)
#3 /home/lefranj/www/ioix/lib/Cake/Core/App.php(904): App::_checkFatalError()
#4 [internal function]: App::shutdown()
#5 {main}
2014-09-19 01:48:44 Error: Fatal Error (1): Class 'AppController' not found in [/home/lefranj/www/ioix/app/Controller/RecipesController.php, line 5]
2014-09-19 01:48:44 Error: [FatalErrorException] Class 'AppController' not found
Request URL: /
Stack Trace:
#0 /home/lefranj/www/ioix/lib/Cake/Error/ErrorHandler.php(203): ErrorHandler::handleFatalError(1, 'Class 'AppContr...', '/home/lefranj/w...', 5)
#1 [internal function]: ErrorHandler::handleError(1, 'Class 'AppContr...', '/home/lefranj/w...', 5, Array)
#2 /home/lefranj/www/ioix/lib/Cake/Core/App.php(931): call_user_func('ErrorHandler::h...', 1, 'Class 'AppContr...', '/home/lefranj/w...', 5, Array)
#3 /home/lefranj/www/ioix/lib/Cake/Core/App.php(904): App::_checkFatalError()
#4 [internal function]: App::shutdown()
#5 {main}
2014-09-19 02:04:34 Error: Fatal Error (1): Cannot break/continue 1 level in [/home/lefranj/www/ioix/app/Model/Recipe.php, line 50]
2014-09-19 02:04:34 Error: [FatalErrorException] Cannot break/continue 1 level
Request URL: /recipes/recipe/16528816888170130500
Stack Trace:
#0 /home/lefranj/www/ioix/lib/Cake/Error/ErrorHandler.php(203): ErrorHandler::handleFatalError(1, 'Cannot break/co...', '/home/lefranj/w...', 50)
#1 [internal function]: ErrorHandler::handleError(1, 'Cannot break/co...', '/home/lefranj/w...', 50, Array)
#2 /home/lefranj/www/ioix/lib/Cake/Core/App.php(931): call_user_func('ErrorHandler::h...', 1, 'Cannot break/co...', '/home/lefranj/w...', 50, Array)
#3 /home/lefranj/www/ioix/lib/Cake/Core/App.php(904): App::_checkFatalError()
#4 [internal function]: App::shutdown()
#5 {main}
2014-09-19 02:04:41 Error: Fatal Error (1): Cannot break/continue 1 level in [/home/lefranj/www/ioix/app/Model/Recipe.php, line 50]
2014-09-19 02:04:41 Error: [FatalErrorException] Cannot break/continue 1 level
Request URL: /recipes/recipe/16528816888170130500
Stack Trace:
#0 /home/lefranj/www/ioix/lib/Cake/Error/ErrorHandler.php(203): ErrorHandler::handleFatalError(1, 'Cannot break/co...', '/home/lefranj/w...', 50)
#1 [internal function]: ErrorHandler::handleError(1, 'Cannot break/co...', '/home/lefranj/w...', 50, Array)
#2 /home/lefranj/www/ioix/lib/Cake/Core/App.php(931): call_user_func('ErrorHandler::h...', 1, 'Cannot break/co...', '/home/lefranj/w...', 50, Array)
#3 /home/lefranj/www/ioix/lib/Cake/Core/App.php(904): App::_checkFatalError()
#4 [internal function]: App::shutdown()
#5 {main}
2014-09-19 02:30:27 Error: [MissingViewException] View file "/home/lefranj/www/ioix/app/View/Recipes/image.ctp" is missing.
Exception Attributes: array (
  'file' => '/home/lefranj/www/ioix/app/View/Recipes/image.ctp',
)
Request URL: /recipes/image/16528816888170130500/120
Stack Trace:
#0 /home/lefranj/www/ioix/lib/Cake/View/View.php(468): View->_getViewFileName(NULL)
#1 /home/lefranj/www/ioix/lib/Cake/Controller/Controller.php(954): View->render(NULL, NULL)
#2 /home/lefranj/www/ioix/lib/Cake/Routing/Dispatcher.php(198): Controller->render()
#3 /home/lefranj/www/ioix/lib/Cake/Routing/Dispatcher.php(165): Dispatcher->_invoke(Object(RecipesController), Object(CakeRequest))
#4 /home/lefranj/www/ioix/app/webroot/index.php(108): Dispatcher->dispatch(Object(CakeRequest), Object(CakeResponse))
#5 {main}
2014-09-19 02:30:27 Error: [MissingViewException] View file "/home/lefranj/www/ioix/app/View/Recipes/image.ctp" is missing.
Exception Attributes: array (
  'file' => '/home/lefranj/www/ioix/app/View/Recipes/image.ctp',
)
Request URL: /recipes/image/15608598476832322446/120
Stack Trace:
#0 /home/lefranj/www/ioix/lib/Cake/View/View.php(468): View->_getViewFileName(NULL)
#1 /home/lefranj/www/ioix/lib/Cake/Controller/Controller.php(954): View->render(NULL, NULL)
#2 /home/lefranj/www/ioix/lib/Cake/Routing/Dispatcher.php(198): Controller->render()
#3 /home/lefranj/www/ioix/lib/Cake/Routing/Dispatcher.php(165): Dispatcher->_invoke(Object(RecipesController), Object(CakeRequest))
#4 /home/lefranj/www/ioix/app/webroot/index.php(108): Dispatcher->dispatch(Object(CakeRequest), Object(CakeResponse))
#5 {main}
2014-09-19 02:30:27 Error: [MissingViewException] View file "/home/lefranj/www/ioix/app/View/Recipes/image.ctp" is missing.
Exception Attributes: array (
  'file' => '/home/lefranj/www/ioix/app/View/Recipes/image.ctp',
)
Request URL: /recipes/image/16171887593044218159/120
Stack Trace:
#0 /home/lefranj/www/ioix/lib/Cake/View/View.php(468): View->_getViewFileName(NULL)
#1 /home/lefranj/www/ioix/lib/Cake/Controller/Controller.php(954): View->render(NULL, NULL)
#2 /home/lefranj/www/ioix/lib/Cake/Routing/Dispatcher.php(198): Controller->render()
#3 /home/lefranj/www/ioix/lib/Cake/Routing/Dispatcher.php(165): Dispatcher->_invoke(Object(RecipesController), Object(CakeRequest))
#4 /home/lefranj/www/ioix/app/webroot/index.php(108): Dispatcher->dispatch(Object(CakeRequest), Object(CakeResponse))
#5 {main}
2014-09-19 02:30:27 Error: [MissingViewException] View file "/home/lefranj/www/ioix/app/View/Recipes/image.ctp" is missing.
Exception Attributes: array (
  'file' => '/home/lefranj/www/ioix/app/View/Recipes/image.ctp',
)
Request URL: /recipes/image/16240407375814580220/120
Stack Trace:
#0 /home/lefranj/www/ioix/lib/Cake/View/View.php(468): View->_getViewFileName(NULL)
#1 /home/lefranj/www/ioix/lib/Cake/Controller/Controller.php(954): View->render(NULL, NULL)
#2 /home/lefranj/www/ioix/lib/Cake/Routing/Dispatcher.php(198): Controller->render()
#3 /home/lefranj/www/ioix/lib/Cake/Routing/Dispatcher.php(165): Dispatcher->_invoke(Object(RecipesController), Object(CakeRequest))
#4 /home/lefranj/www/ioix/app/webroot/index.php(108): Dispatcher->dispatch(Object(CakeRequest), Object(CakeResponse))
#5 {main}
2014-09-19 02:31:23 Error: [MissingViewException] View file "/home/lefranj/www/ioix/app/View/Recipes/image.ctp" is missing.
Exception Attributes: array (
  'file' => '/home/lefranj/www/ioix/app/View/Recipes/image.ctp',
)
Request URL: /recipes/image/16528816888170130500/120
Stack Trace:
#0 /home/lefranj/www/ioix/lib/Cake/View/View.php(468): View->_getViewFileName(NULL)
#1 /home/lefranj/www/ioix/lib/Cake/Controller/Controller.php(954): View->render(NULL, NULL)
#2 /home/lefranj/www/ioix/lib/Cake/Routing/Dispatcher.php(198): Controller->render()
#3 /home/lefranj/www/ioix/lib/Cake/Routing/Dispatcher.php(165): Dispatcher->_invoke(Object(RecipesController), Object(CakeRequest))
#4 /home/lefranj/www/ioix/app/webroot/index.php(108): Dispatcher->dispatch(Object(CakeRequest), Object(CakeResponse))
#5 {main}
2014-09-19 02:31:23 Error: [MissingViewException] View file "/home/lefranj/www/ioix/app/View/Recipes/image.ctp" is missing.
Exception Attributes: array (
  'file' => '/home/lefranj/www/ioix/app/View/Recipes/image.ctp',
)
Request URL: /recipes/image/15608598476832322446/120
Stack Trace:
#0 /home/lefranj/www/ioix/lib/Cake/View/View.php(468): View->_getViewFileName(NULL)
#1 /home/lefranj/www/ioix/lib/Cake/Controller/Controller.php(954): View->render(NULL, NULL)
#2 /home/lefranj/www/ioix/lib/Cake/Routing/Dispatcher.php(198): Controller->render()
#3 /home/lefranj/www/ioix/lib/Cake/Routing/Dispatcher.php(165): Dispatcher->_invoke(Object(RecipesController), Object(CakeRequest))
#4 /home/lefranj/www/ioix/app/webroot/index.php(108): Dispatcher->dispatch(Object(CakeRequest), Object(CakeResponse))
#5 {main}
2014-09-19 02:31:23 Error: [MissingViewException] View file "/home/lefranj/www/ioix/app/View/Recipes/image.ctp" is missing.
Exception Attributes: array (
  'file' => '/home/lefranj/www/ioix/app/View/Recipes/image.ctp',
)
Request URL: /recipes/image/16171887593044218159/120
Stack Trace:
#0 /home/lefranj/www/ioix/lib/Cake/View/View.php(468): View->_getViewFileName(NULL)
#1 /home/lefranj/www/ioix/lib/Cake/Controller/Controller.php(954): View->render(NULL, NULL)
#2 /home/lefranj/www/ioix/lib/Cake/Routing/Dispatcher.php(198): Controller->render()
#3 /home/lefranj/www/ioix/lib/Cake/Routing/Dispatcher.php(165): Dispatcher->_invoke(Object(RecipesController), Object(CakeRequest))
#4 /home/lefranj/www/ioix/app/webroot/index.php(108): Dispatcher->dispatch(Object(CakeRequest), Object(CakeResponse))
#5 {main}
2014-09-19 02:31:23 Error: [MissingViewException] View file "/home/lefranj/www/ioix/app/View/Recipes/image.ctp" is missing.
Exception Attributes: array (
  'file' => '/home/lefranj/www/ioix/app/View/Recipes/image.ctp',
)
Request URL: /recipes/image/16240407375814580220/120
Stack Trace:
#0 /home/lefranj/www/ioix/lib/Cake/View/View.php(468): View->_getViewFileName(NULL)
#1 /home/lefranj/www/ioix/lib/Cake/Controller/Controller.php(954): View->render(NULL, NULL)
#2 /home/lefranj/www/ioix/lib/Cake/Routing/Dispatcher.php(198): Controller->render()
#3 /home/lefranj/www/ioix/lib/Cake/Routing/Dispatcher.php(165): Dispatcher->_invoke(Object(RecipesController), Object(CakeRequest))
#4 /home/lefranj/www/ioix/app/webroot/index.php(108): Dispatcher->dispatch(Object(CakeRequest), Object(CakeResponse))
#5 {main}
2014-09-19 02:31:24 Error: [MissingViewException] View file "/home/lefranj/www/ioix/app/View/Recipes/image.ctp" is missing.
Exception Attributes: array (
  'file' => '/home/lefranj/www/ioix/app/View/Recipes/image.ctp',
)
Request URL: /recipes/image/16528816888170130500/120
Stack Trace:
#0 /home/lefranj/www/ioix/lib/Cake/View/View.php(468): View->_getViewFileName(NULL)
#1 /home/lefranj/www/ioix/lib/Cake/Controller/Controller.php(954): View->render(NULL, NULL)
#2 /home/lefranj/www/ioix/lib/Cake/Routing/Dispatcher.php(198): Controller->render()
#3 /home/lefranj/www/ioix/lib/Cake/Routing/Dispatcher.php(165): Dispatcher->_invoke(Object(RecipesController), Object(CakeRequest))
#4 /home/lefranj/www/ioix/app/webroot/index.php(108): Dispatcher->dispatch(Object(CakeRequest), Object(CakeResponse))
#5 {main}
2014-09-19 02:31:24 Error: [MissingViewException] View file "/home/lefranj/www/ioix/app/View/Recipes/image.ctp" is missing.
Exception Attributes: array (
  'file' => '/home/lefranj/www/ioix/app/View/Recipes/image.ctp',
)
Request URL: /recipes/image/15608598476832322446/120
Stack Trace:
#0 /home/lefranj/www/ioix/lib/Cake/View/View.php(468): View->_getViewFileName(NULL)
#1 /home/lefranj/www/ioix/lib/Cake/Controller/Controller.php(954): View->render(NULL, NULL)
#2 /home/lefranj/www/ioix/lib/Cake/Routing/Dispatcher.php(198): Controller->render()
#3 /home/lefranj/www/ioix/lib/Cake/Routing/Dispatcher.php(165): Dispatcher->_invoke(Object(RecipesController), Object(CakeRequest))
#4 /home/lefranj/www/ioix/app/webroot/index.php(108): Dispatcher->dispatch(Object(CakeRequest), Object(CakeResponse))
#5 {main}
2014-09-19 02:31:24 Error: [MissingViewException] View file "/home/lefranj/www/ioix/app/View/Recipes/image.ctp" is missing.
Exception Attributes: array (
  'file' => '/home/lefranj/www/ioix/app/View/Recipes/image.ctp',
)
Request URL: /recipes/image/16171887593044218159/120
Stack Trace:
#0 /home/lefranj/www/ioix/lib/Cake/View/View.php(468): View->_getViewFileName(NULL)
#1 /home/lefranj/www/ioix/lib/Cake/Controller/Controller.php(954): View->render(NULL, NULL)
#2 /home/lefranj/www/ioix/lib/Cake/Routing/Dispatcher.php(198): Controller->render()
#3 /home/lefranj/www/ioix/lib/Cake/Routing/Dispatcher.php(165): Dispatcher->_invoke(Object(RecipesController), Object(CakeRequest))
#4 /home/lefranj/www/ioix/app/webroot/index.php(108): Dispatcher->dispatch(Object(CakeRequest), Object(CakeResponse))
#5 {main}
2014-09-19 02:31:24 Error: [MissingViewException] View file "/home/lefranj/www/ioix/app/View/Recipes/image.ctp" is missing.
Exception Attributes: array (
  'file' => '/home/lefranj/www/ioix/app/View/Recipes/image.ctp',
)
Request URL: /recipes/image/16240407375814580220/120
Stack Trace:
#0 /home/lefranj/www/ioix/lib/Cake/View/View.php(468): View->_getViewFileName(NULL)
#1 /home/lefranj/www/ioix/lib/Cake/Controller/Controller.php(954): View->render(NULL, NULL)
#2 /home/lefranj/www/ioix/lib/Cake/Routing/Dispatcher.php(198): Controller->render()
#3 /home/lefranj/www/ioix/lib/Cake/Routing/Dispatcher.php(165): Dispatcher->_invoke(Object(RecipesController), Object(CakeRequest))
#4 /home/lefranj/www/ioix/app/webroot/index.php(108): Dispatcher->dispatch(Object(CakeRequest), Object(CakeResponse))
#5 {main}
2014-09-19 02:31:26 Error: [MissingViewException] View file "/home/lefranj/www/ioix/app/View/Recipes/image.ctp" is missing.
Exception Attributes: array (
  'file' => '/home/lefranj/www/ioix/app/View/Recipes/image.ctp',
)
Request URL: /recipes/image/16528816888170130500/240
Stack Trace:
#0 /home/lefranj/www/ioix/lib/Cake/View/View.php(468): View->_getViewFileName(NULL)
#1 /home/lefranj/www/ioix/lib/Cake/Controller/Controller.php(954): View->render(NULL, NULL)
#2 /home/lefranj/www/ioix/lib/Cake/Routing/Dispatcher.php(198): Controller->render()
#3 /home/lefranj/www/ioix/lib/Cake/Routing/Dispatcher.php(165): Dispatcher->_invoke(Object(RecipesController), Object(CakeRequest))
#4 /home/lefranj/www/ioix/app/webroot/index.php(108): Dispatcher->dispatch(Object(CakeRequest), Object(CakeResponse))
#5 {main}
2014-09-19 02:31:28 Error: [MissingViewException] View file "/home/lefranj/www/ioix/app/View/Recipes/image.ctp" is missing.
Exception Attributes: array (
  'file' => '/home/lefranj/www/ioix/app/View/Recipes/image.ctp',
)
Request URL: /recipes/image/16528816888170130500/120
Stack Trace:
#0 /home/lefranj/www/ioix/lib/Cake/View/View.php(468): View->_getViewFileName(NULL)
#1 /home/lefranj/www/ioix/lib/Cake/Controller/Controller.php(954): View->render(NULL, NULL)
#2 /home/lefranj/www/ioix/lib/Cake/Routing/Dispatcher.php(198): Controller->render()
#3 /home/lefranj/www/ioix/lib/Cake/Routing/Dispatcher.php(165): Dispatcher->_invoke(Object(RecipesController), Object(CakeRequest))
#4 /home/lefranj/www/ioix/app/webroot/index.php(108): Dispatcher->dispatch(Object(CakeRequest), Object(CakeResponse))
#5 {main}
2014-09-19 02:31:28 Error: [MissingViewException] View file "/home/lefranj/www/ioix/app/View/Recipes/image.ctp" is missing.
Exception Attributes: array (
  'file' => '/home/lefranj/www/ioix/app/View/Recipes/image.ctp',
)
Request URL: /recipes/image/15608598476832322446/120
Stack Trace:
#0 /home/lefranj/www/ioix/lib/Cake/View/View.php(468): View->_getViewFileName(NULL)
#1 /home/lefranj/www/ioix/lib/Cake/Controller/Controller.php(954): View->render(NULL, NULL)
#2 /home/lefranj/www/ioix/lib/Cake/Routing/Dispatcher.php(198): Controller->render()
#3 /home/lefranj/www/ioix/lib/Cake/Routing/Dispatcher.php(165): Dispatcher->_invoke(Object(RecipesController), Object(CakeRequest))
#4 /home/lefranj/www/ioix/app/webroot/index.php(108): Dispatcher->dispatch(Object(CakeRequest), Object(CakeResponse))
#5 {main}
2014-09-19 02:31:28 Error: [MissingViewException] View file "/home/lefranj/www/ioix/app/View/Recipes/image.ctp" is missing.
Exception Attributes: array (
  'file' => '/home/lefranj/www/ioix/app/View/Recipes/image.ctp',
)
Request URL: /recipes/image/16240407375814580220/120
Stack Trace:
#0 /home/lefranj/www/ioix/lib/Cake/View/View.php(468): View->_getViewFileName(NULL)
#1 /home/lefranj/www/ioix/lib/Cake/Controller/Controller.php(954): View->render(NULL, NULL)
#2 /home/lefranj/www/ioix/lib/Cake/Routing/Dispatcher.php(198): Controller->render()
#3 /home/lefranj/www/ioix/lib/Cake/Routing/Dispatcher.php(165): Dispatcher->_invoke(Object(RecipesController), Object(CakeRequest))
#4 /home/lefranj/www/ioix/app/webroot/index.php(108): Dispatcher->dispatch(Object(CakeRequest), Object(CakeResponse))
#5 {main}
2014-09-19 02:31:28 Error: [MissingViewException] View file "/home/lefranj/www/ioix/app/View/Recipes/image.ctp" is missing.
Exception Attributes: array (
  'file' => '/home/lefranj/www/ioix/app/View/Recipes/image.ctp',
)
Request URL: /recipes/image/16171887593044218159/120
Stack Trace:
#0 /home/lefranj/www/ioix/lib/Cake/View/View.php(468): View->_getViewFileName(NULL)
#1 /home/lefranj/www/ioix/lib/Cake/Controller/Controller.php(954): View->render(NULL, NULL)
#2 /home/lefranj/www/ioix/lib/Cake/Routing/Dispatcher.php(198): Controller->render()
#3 /home/lefranj/www/ioix/lib/Cake/Routing/Dispatcher.php(165): Dispatcher->_invoke(Object(RecipesController), Object(CakeRequest))
#4 /home/lefranj/www/ioix/app/webroot/index.php(108): Dispatcher->dispatch(Object(CakeRequest), Object(CakeResponse))
#5 {main}
2014-09-19 02:35:50 Error: [InvalidArgumentException] The eventKey variable is required
Request URL: /
Stack Trace:
#0 /home/lefranj/www/ioix/lib/Cake/Model/Model.php(787): CakeEventManager->attach(NULL)
#1 /home/lefranj/www/ioix/lib/Cake/Model/Model.php(2999): Model->getEventManager()
#2 /home/lefranj/www/ioix/lib/Cake/Model/Model.php(2914): Model->buildQuery('all', Array)
#3 /home/lefranj/www/ioix/app/Controller/RecipesController.php(29): Model->find('all', Array)
#4 [internal function]: RecipesController->index()
#5 /home/lefranj/www/ioix/lib/Cake/Controller/Controller.php(490): ReflectionMethod->invokeArgs(Object(RecipesController), Array)
#6 /home/lefranj/www/ioix/lib/Cake/Routing/Dispatcher.php(191): Controller->invokeAction(Object(CakeRequest))
#7 /home/lefranj/www/ioix/lib/Cake/Routing/Dispatcher.php(165): Dispatcher->_invoke(Object(RecipesController), Object(CakeRequest))
#8 /home/lefranj/www/ioix/app/webroot/index.php(108): Dispatcher->dispatch(Object(CakeRequest), Object(CakeResponse))
#9 {main}
2014-09-19 03:58:22 Error: [MissingControllerException] Controller class PhpmyadminController could not be found.
Exception Attributes: array (
  'class' => 'PhpmyadminController',
  'plugin' => NULL,
)
Request URL: /phpmyadmin
Stack Trace:
#0 /home/lefranj/www/ioix/app/webroot/index.php(108): Dispatcher->dispatch(Object(CakeRequest), Object(CakeResponse))
#1 {main}
2014-09-19 03:58:44 Error: [MissingControllerException] Controller class FefController could not be found.
Exception Attributes: array (
  'class' => 'FefController',
  'plugin' => NULL,
)
Request URL: /fef
Stack Trace:
#0 /home/lefranj/www/ioix/app/webroot/index.php(108): Dispatcher->dispatch(Object(CakeRequest), Object(CakeResponse))
#1 {main}
2014-09-19 04:49:52 Warning: Warning (512): ./cache is not writeable. Make sure you've set the correct relative or absolute path, and that the location is server-writable. in [/home/lefranj/www/ioix/app/Vendor/simplepie/library/SimplePie.php, line 1369]
Trace:
SimplePie::init() - APP/Vendor/simplepie/library/SimplePie.php, line 1369
RssController::index() - APP/Controller/RssController.php, line 19
ReflectionMethod::invokeArgs() - [internal], line ??
Controller::invokeAction() - CORE/Cake/Controller/Controller.php, line 490
Dispatcher::_invoke() - CORE/Cake/Routing/Dispatcher.php, line 191
Dispatcher::dispatch() - CORE/Cake/Routing/Dispatcher.php, line 165
[main] - APP/webroot/index.php, line 108

2014-09-19 05:21:27 Warning: Warning (512): ./cache is not writeable. Make sure you've set the correct relative or absolute path, and that the location is server-writable. in [/home/lefranj/www/ioix/app/Vendor/simplepie/library/SimplePie.php, line 1369]
Trace:
SimplePie::init() - APP/Vendor/simplepie/library/SimplePie.php, line 1369
RssController::index() - APP/Controller/RssController.php, line 19
ReflectionMethod::invokeArgs() - [internal], line ??
Controller::invokeAction() - CORE/Cake/Controller/Controller.php, line 490
Dispatcher::_invoke() - CORE/Cake/Routing/Dispatcher.php, line 191
Dispatcher::dispatch() - CORE/Cake/Routing/Dispatcher.php, line 165
[main] - APP/webroot/index.php, line 108

2014-09-19 05:22:00 Warning: Warning (512): ./cache is not writeable. Make sure you've set the correct relative or absolute path, and that the location is server-writable. in [/home/lefranj/www/ioix/app/Vendor/simplepie/library/SimplePie.php, line 1369]
Trace:
SimplePie::init() - APP/Vendor/simplepie/library/SimplePie.php, line 1369
RssController::index() - APP/Controller/RssController.php, line 19
ReflectionMethod::invokeArgs() - [internal], line ??
Controller::invokeAction() - CORE/Cake/Controller/Controller.php, line 490
Dispatcher::_invoke() - CORE/Cake/Routing/Dispatcher.php, line 191
Dispatcher::dispatch() - CORE/Cake/Routing/Dispatcher.php, line 165
[main] - APP/webroot/index.php, line 108

2014-09-19 05:22:12 Warning: Warning (512): ./cache is not writeable. Make sure you've set the correct relative or absolute path, and that the location is server-writable. in [/home/lefranj/www/ioix/app/Vendor/simplepie/library/SimplePie.php, line 1369]
Trace:
SimplePie::init() - APP/Vendor/simplepie/library/SimplePie.php, line 1369
RssController::index() - APP/Controller/RssController.php, line 19
ReflectionMethod::invokeArgs() - [internal], line ??
Controller::invokeAction() - CORE/Cake/Controller/Controller.php, line 490
Dispatcher::_invoke() - CORE/Cake/Routing/Dispatcher.php, line 191
Dispatcher::dispatch() - CORE/Cake/Routing/Dispatcher.php, line 165
[main] - APP/webroot/index.php, line 108

